This is pdfTeX, Version 3.14159265-2.6-1.40.16 (TeX Live 2015) (preloaded format=pdflatex 2015.5.24)  11 AUG 2016 22:14
entering extended mode
 restricted \write18 enabled.
 file:line:error style messages enabled.
 %&-line parsing enabled.
**bare_conf.tex
(./bare_conf.tex
LaTeX2e <2015/01/01>
Babel <3.9l> and hyphenation patterns for 79 languages loaded.
(./IEEEtran.cls
Document Class: IEEEtran 2015/08/26 V1.8b by Michael Shell
-- See the "IEEEtran_HOWTO" manual for usage information.
-- http://www.michaelshell.org/tex/ieeetran/
\@IEEEtrantmpdimenA=\dimen102
\@IEEEtrantmpdimenB=\dimen103
\@IEEEtrantmpdimenC=\dimen104
\@IEEEtrantmpcountA=\count79
\@IEEEtrantmpcountB=\count80
\@IEEEtrantmpcountC=\count81
\@IEEEtrantmptoksA=\toks14
LaTeX Font Info:    Try loading font information for OT1+ptm on input line 503.

(/usr/local/texlive/2015/texmf-dist/tex/latex/psnfss/ot1ptm.fd
File: ot1ptm.fd 2001/06/04 font definitions for OT1/ptm.
)
-- Using 8.5in x 11in (letter) paper.
-- Using PDF output.
\@IEEEnormalsizeunitybaselineskip=\dimen105
-- This is a 10 point document.
\CLASSINFOnormalsizebaselineskip=\dimen106
\CLASSINFOnormalsizeunitybaselineskip=\dimen107
\IEEEnormaljot=\dimen108
LaTeX Font Info:    Font shape `OT1/ptm/bx/n' in size <5> not available
(Font)              Font shape `OT1/ptm/b/n' tried instead on input line 1090.
LaTeX Font Info:    Font shape `OT1/ptm/bx/it' in size <5> not available
(Font)              Font shape `OT1/ptm/b/it' tried instead on input line 1090.

LaTeX Font Info:    Font shape `OT1/ptm/bx/n' in size <7> not available
(Font)              Font shape `OT1/ptm/b/n' tried instead on input line 1090.
LaTeX Font Info:    Font shape `OT1/ptm/bx/it' in size <7> not available
(Font)              Font shape `OT1/ptm/b/it' tried instead on input line 1090.

LaTeX Font Info:    Font shape `OT1/ptm/bx/n' in size <8> not available
(Font)              Font shape `OT1/ptm/b/n' tried instead on input line 1090.
LaTeX Font Info:    Font shape `OT1/ptm/bx/it' in size <8> not available
(Font)              Font shape `OT1/ptm/b/it' tried instead on input line 1090.

LaTeX Font Info:    Font shape `OT1/ptm/bx/n' in size <9> not available
(Font)              Font shape `OT1/ptm/b/n' tried instead on input line 1090.
LaTeX Font Info:    Font shape `OT1/ptm/bx/it' in size <9> not available
(Font)              Font shape `OT1/ptm/b/it' tried instead on input line 1090.

LaTeX Font Info:    Font shape `OT1/ptm/bx/n' in size <10> not available
(Font)              Font shape `OT1/ptm/b/n' tried instead on input line 1090.
LaTeX Font Info:    Font shape `OT1/ptm/bx/it' in size <10> not available
(Font)              Font shape `OT1/ptm/b/it' tried instead on input line 1090.

LaTeX Font Info:    Font shape `OT1/ptm/bx/n' in size <11> not available
(Font)              Font shape `OT1/ptm/b/n' tried instead on input line 1090.
LaTeX Font Info:    Font shape `OT1/ptm/bx/it' in size <11> not available
(Font)              Font shape `OT1/ptm/b/it' tried instead on input line 1090.

LaTeX Font Info:    Font shape `OT1/ptm/bx/n' in size <12> not available
(Font)              Font shape `OT1/ptm/b/n' tried instead on input line 1090.
LaTeX Font Info:    Font shape `OT1/ptm/bx/it' in size <12> not available
(Font)              Font shape `OT1/ptm/b/it' tried instead on input line 1090.

LaTeX Font Info:    Font shape `OT1/ptm/bx/n' in size <17> not available
(Font)              Font shape `OT1/ptm/b/n' tried instead on input line 1090.
LaTeX Font Info:    Font shape `OT1/ptm/bx/it' in size <17> not available
(Font)              Font shape `OT1/ptm/b/it' tried instead on input line 1090.

LaTeX Font Info:    Font shape `OT1/ptm/bx/n' in size <20> not available
(Font)              Font shape `OT1/ptm/b/n' tried instead on input line 1090.
LaTeX Font Info:    Font shape `OT1/ptm/bx/it' in size <20> not available
(Font)              Font shape `OT1/ptm/b/it' tried instead on input line 1090.

LaTeX Font Info:    Font shape `OT1/ptm/bx/n' in size <24> not available
(Font)              Font shape `OT1/ptm/b/n' tried instead on input line 1090.
LaTeX Font Info:    Font shape `OT1/ptm/bx/it' in size <24> not available
(Font)              Font shape `OT1/ptm/b/it' tried instead on input line 1090.

\IEEEquantizedlength=\dimen109
\IEEEquantizedlengthdiff=\dimen110
\IEEEquantizedtextheightdiff=\dimen111
\IEEEilabelindentA=\dimen112
\IEEEilabelindentB=\dimen113
\IEEEilabelindent=\dimen114
\IEEEelabelindent=\dimen115
\IEEEdlabelindent=\dimen116
\IEEElabelindent=\dimen117
\IEEEiednormlabelsep=\dimen118
\IEEEiedmathlabelsep=\dimen119
\IEEEiedtopsep=\skip41
\c@section=\count82
\c@subsection=\count83
\c@subsubsection=\count84
\c@paragraph=\count85
\c@IEEEsubequation=\count86
\abovecaptionskip=\skip42
\belowcaptionskip=\skip43
\c@figure=\count87
\c@table=\count88
\@IEEEeqnnumcols=\count89
\@IEEEeqncolcnt=\count90
\@IEEEsubeqnnumrollback=\count91
\@IEEEquantizeheightA=\dimen120
\@IEEEquantizeheightB=\dimen121
\@IEEEquantizeheightC=\dimen122
\@IEEEquantizeprevdepth=\dimen123
\@IEEEquantizemultiple=\count92
\@IEEEquantizeboxA=\box26
\@IEEEtmpitemindent=\dimen124
\IEEEPARstartletwidth=\dimen125
\c@IEEEbiography=\count93
\@IEEEtranrubishbin=\box27
) (/usr/local/texlive/2015/texmf-dist/tex/latex/url/url.sty
\Urlmuskip=\muskip10
Package: url 2013/09/16  ver 3.4  Verb mode for urls, etc.
)
(/usr/local/texlive/2015/texmf-dist/tex/latex/amsmath/amsmath.sty
Package: amsmath 2013/01/14 v2.14 AMS math features
\@mathmargin=\skip44

For additional information on amsmath, use the `?' option.
(/usr/local/texlive/2015/texmf-dist/tex/latex/amsmath/amstext.sty
Package: amstext 2000/06/29 v2.01

(/usr/local/texlive/2015/texmf-dist/tex/latex/amsmath/amsgen.sty
File: amsgen.sty 1999/11/30 v2.0
\@emptytoks=\toks15
\ex@=\dimen126
))
(/usr/local/texlive/2015/texmf-dist/tex/latex/amsmath/amsbsy.sty
Package: amsbsy 1999/11/29 v1.2d
\pmbraise@=\dimen127
)
(/usr/local/texlive/2015/texmf-dist/tex/latex/amsmath/amsopn.sty
Package: amsopn 1999/12/14 v2.01 operator names
)
\inf@bad=\count94
LaTeX Info: Redefining \frac on input line 210.
\uproot@=\count95
\leftroot@=\count96
LaTeX Info: Redefining \overline on input line 306.
\classnum@=\count97
\DOTSCASE@=\count98
LaTeX Info: Redefining \ldots on input line 378.
LaTeX Info: Redefining \dots on input line 381.
LaTeX Info: Redefining \cdots on input line 466.
\Mathstrutbox@=\box28
\strutbox@=\box29
\big@size=\dimen128
LaTeX Font Info:    Redeclaring font encoding OML on input line 566.
LaTeX Font Info:    Redeclaring font encoding OMS on input line 567.
\macc@depth=\count99
\c@MaxMatrixCols=\count100
\dotsspace@=\muskip11
\c@parentequation=\count101
\dspbrk@lvl=\count102
\tag@help=\toks16
\row@=\count103
\column@=\count104
\maxfields@=\count105
\andhelp@=\toks17
\eqnshift@=\dimen129
\alignsep@=\dimen130
\tagshift@=\dimen131
\tagwidth@=\dimen132
\totwidth@=\dimen133
\lineht@=\dimen134
\@envbody=\toks18
\multlinegap=\skip45
\multlinetaggap=\skip46
\mathdisplay@stack=\toks19
LaTeX Info: Redefining \[ on input line 2665.
LaTeX Info: Redefining \] on input line 2666.
)
(/usr/local/texlive/2015/texmf-dist/tex/latex/algorithms/algorithm.sty
Package: algorithm 2009/08/24 v0.1 Document Style `algorithm' - floating enviro
nment

(/usr/local/texlive/2015/texmf-dist/tex/latex/float/float.sty
Package: float 2001/11/08 v1.3d Float enhancements (AL)
\c@float@type=\count106
\float@exts=\toks20
\float@box=\box30
\@float@everytoks=\toks21
\@floatcapt=\box31
)
(/usr/local/texlive/2015/texmf-dist/tex/latex/base/ifthen.sty
Package: ifthen 2014/09/29 v1.1c Standard LaTeX ifthen package (DPC)
)
\@float@every@algorithm=\toks22
\c@algorithm=\count107
)
(/usr/local/texlive/2015/texmf-dist/tex/latex/algorithmicx/algpseudocode.sty
Package: algpseudocode 

(/usr/local/texlive/2015/texmf-dist/tex/latex/algorithmicx/algorithmicx.sty
Package: algorithmicx 2005/04/27 v1.2 Algorithmicx

Document Style algorithmicx 1.2 - a greatly improved `algorithmic' style
\c@ALG@line=\count108
\c@ALG@rem=\count109
\c@ALG@nested=\count110
\ALG@tlm=\skip47
\ALG@thistlm=\skip48
\c@ALG@Lnr=\count111
\c@ALG@blocknr=\count112
\c@ALG@storecount=\count113
\c@ALG@tmpcounter=\count114
\ALG@tmplength=\skip49
)
Document Style - pseudocode environments for use with the `algorithmicx' style
) (/usr/local/texlive/2015/texmf-dist/tex/latex/mathtools/mathtools.sty
Package: mathtools 2015/05/11 v1.16 mathematical typesetting tools

(/usr/local/texlive/2015/texmf-dist/tex/latex/graphics/keyval.sty
Package: keyval 2014/10/28 v1.15 key=value parser (DPC)
\KV@toks@=\toks23
)
(/usr/local/texlive/2015/texmf-dist/tex/latex/tools/calc.sty
Package: calc 2014/10/28 v4.3 Infix arithmetic (KKT,FJ)
\calc@Acount=\count115
\calc@Bcount=\count116
\calc@Adimen=\dimen135
\calc@Bdimen=\dimen136
\calc@Askip=\skip50
\calc@Bskip=\skip51
LaTeX Info: Redefining \setlength on input line 80.
LaTeX Info: Redefining \addtolength on input line 81.
\calc@Ccount=\count117
\calc@Cskip=\skip52
)
(/usr/local/texlive/2015/texmf-dist/tex/latex/mathtools/mhsetup.sty
Package: mhsetup 2010/01/21 v1.2a programming setup (MH)
)
LaTeX Info: Thecontrolsequence`\('isalreadyrobust on input line 129.
LaTeX Info: Thecontrolsequence`\)'isalreadyrobust on input line 129.
LaTeX Info: Thecontrolsequence`\['isalreadyrobust on input line 129.
LaTeX Info: Thecontrolsequence`\]'isalreadyrobust on input line 129.
\g_MT_multlinerow_int=\count118
\l_MT_multwidth_dim=\dimen137
\origjot=\skip53
\l_MT_shortvdotswithinadjustabove_dim=\dimen138
\l_MT_shortvdotswithinadjustbelow_dim=\dimen139
\l_MT_above_intertext_sep=\dimen140
\l_MT_below_intertext_sep=\dimen141
\l_MT_above_shortintertext_sep=\dimen142
\l_MT_below_shortintertext_sep=\dimen143
)
(/usr/local/texlive/2015/texmf-dist/tex/latex/was/gensymb.sty
Package: gensymb 2003/07/02 v1.0 (WaS)
)
(/usr/local/texlive/2015/texmf-dist/tex/latex/csquotes/csquotes.sty
Package: csquotes 2015/04/15 v5.1e context-sensitive quotations (JAW)

(/usr/local/texlive/2015/texmf-dist/tex/latex/etoolbox/etoolbox.sty
Package: etoolbox 2015/05/04 v2.2 e-TeX tools for LaTeX (JAW)
\etb@tempcnta=\count119
)
\csq@reset=\count120
\csq@gtype=\count121
\csq@glevel=\count122
\csq@qlevel=\count123
\csq@maxlvl=\count124
\csq@tshold=\count125
\csq@ltx@everypar=\toks24

(/usr/local/texlive/2015/texmf-dist/tex/latex/csquotes/csquotes.def
File: csquotes.def 2015/04/15 v5.1e csquotes generic definitions (JAW)
)
Package csquotes Info: Trying to load configuration file 'csquotes.cfg'...
Package csquotes Info: ... configuration file loaded successfully.

(/usr/local/texlive/2015/texmf-dist/tex/latex/csquotes/csquotes.cfg
File: csquotes.cfg 
))
(/usr/local/texlive/2015/texmf-dist/tex/latex/placeins/placeins.sty
Package: placeins 2005/04/18  v 2.2
)
Package csquotes Info: Checking for multilingual support...
Package csquotes Info: ... none found.

(./bare_conf.aux)
\openout1 = `bare_conf.aux'.

LaTeX Font Info:    Checking defaults for OML/cmm/m/it on input line 321.
LaTeX Font Info:    ... okay on input line 321.
LaTeX Font Info:    Checking defaults for T1/cmr/m/n on input line 321.
LaTeX Font Info:    ... okay on input line 321.
LaTeX Font Info:    Checking defaults for OT1/cmr/m/n on input line 321.
LaTeX Font Info:    ... okay on input line 321.
LaTeX Font Info:    Checking defaults for OMS/cmsy/m/n on input line 321.
LaTeX Font Info:    ... okay on input line 321.
LaTeX Font Info:    Checking defaults for OMX/cmex/m/n on input line 321.
LaTeX Font Info:    ... okay on input line 321.
LaTeX Font Info:    Checking defaults for U/cmr/m/n on input line 321.
LaTeX Font Info:    ... okay on input line 321.

-- Lines per column: 56 (exact).
(/usr/local/texlive/2015/texmf-dist/tex/latex/graphics/graphicx.sty
Package: graphicx 2014/10/28 v1.0g Enhanced LaTeX Graphics (DPC,SPQR)

(/usr/local/texlive/2015/texmf-dist/tex/latex/graphics/graphics.sty
Package: graphics 2014/10/28 v1.0p Standard LaTeX Graphics (DPC,SPQR)

(/usr/local/texlive/2015/texmf-dist/tex/latex/graphics/trig.sty
Package: trig 1999/03/16 v1.09 sin cos tan (DPC)
)
(/usr/local/texlive/2015/texmf-dist/tex/latex/latexconfig/graphics.cfg
File: graphics.cfg 2010/04/23 v1.9 graphics configuration of TeX Live
)
Package graphics Info: Driver file: pdftex.def on input line 94.

(/usr/local/texlive/2015/texmf-dist/tex/latex/pdftex-def/pdftex.def
File: pdftex.def 2011/05/27 v0.06d Graphics/color for pdfTeX

(/usr/local/texlive/2015/texmf-dist/tex/generic/oberdiek/infwarerr.sty
Package: infwarerr 2010/04/08 v1.3 Providing info/warning/error messages (HO)
)
(/usr/local/texlive/2015/texmf-dist/tex/generic/oberdiek/ltxcmds.sty
Package: ltxcmds 2011/11/09 v1.22 LaTeX kernel commands for general use (HO)
)
\Gread@gobject=\count126

(/usr/local/texlive/2015/texmf-dist/tex/context/base/supp-pdf.mkii
[Loading MPS to PDF converter (version 2006.09.02).]
\scratchcounter=\count127
\scratchdimen=\dimen144
\scratchbox=\box32
\nofMPsegments=\count128
\nofMParguments=\count129
\everyMPshowfont=\toks25
\MPscratchCnt=\count130
\MPscratchDim=\dimen145
\MPnumerator=\count131
\makeMPintoPDFobject=\count132
\everyMPtoPDFconversion=\toks26
))) (/usr/local/texlive/2015/texmf-dist/tex/generic/oberdiek/pdftexcmds.sty
Package: pdftexcmds 2011/11/29 v0.20 Utility functions of pdfTeX for LuaTeX (HO
)

(/usr/local/texlive/2015/texmf-dist/tex/generic/oberdiek/ifluatex.sty
Package: ifluatex 2010/03/01 v1.3 Provides the ifluatex switch (HO)
Package ifluatex Info: LuaTeX not detected.
)
(/usr/local/texlive/2015/texmf-dist/tex/generic/oberdiek/ifpdf.sty
Package: ifpdf 2011/01/30 v2.3 Provides the ifpdf switch (HO)
Package ifpdf Info: pdfTeX in PDF mode is detected.
)
Package pdftexcmds Info: LuaTeX not detected.
Package pdftexcmds Info: \pdf@primitive is available.
Package pdftexcmds Info: \pdf@ifprimitive is available.
Package pdftexcmds Info: \pdfdraftmode found.
)
(/usr/local/texlive/2015/texmf-dist/tex/latex/oberdiek/epstopdf-base.sty
Package: epstopdf-base 2010/02/09 v2.5 Base part for package epstopdf

(/usr/local/texlive/2015/texmf-dist/tex/latex/oberdiek/grfext.sty
Package: grfext 2010/08/19 v1.1 Manage graphics extensions (HO)

(/usr/local/texlive/2015/texmf-dist/tex/generic/oberdiek/kvdefinekeys.sty
Package: kvdefinekeys 2011/04/07 v1.3 Define keys (HO)
))
(/usr/local/texlive/2015/texmf-dist/tex/latex/oberdiek/kvoptions.sty
Package: kvoptions 2011/06/30 v3.11 Key value format for package options (HO)

(/usr/local/texlive/2015/texmf-dist/tex/generic/oberdiek/kvsetkeys.sty
Package: kvsetkeys 2012/04/25 v1.16 Key value parser (HO)

(/usr/local/texlive/2015/texmf-dist/tex/generic/oberdiek/etexcmds.sty
Package: etexcmds 2011/02/16 v1.5 Avoid name clashes with e-TeX commands (HO)
Package etexcmds Info: Could not find \expanded.
(etexcmds)             That can mean that you are not using pdfTeX 1.50 or
(etexcmds)             that some package has redefined \expanded.
(etexcmds)             In the latter case, load this package earlier.
)))
Package grfext Info: Graphics extension search list:
(grfext)             [.png,.pdf,.jpg,.mps,.jpeg,.jbig2,.jb2,.PNG,.PDF,.JPG,.JPE
G,.JBIG2,.JB2,.eps]
(grfext)             \AppendGraphicsExtensions on input line 452.

(/usr/local/texlive/2015/texmf-dist/tex/latex/latexconfig/epstopdf-sys.cfg
File: epstopdf-sys.cfg 2010/07/13 v1.3 Configuration of (r)epstopdf for TeX Liv
e
))
\Gin@req@height=\dimen146
\Gin@req@width=\dimen147
)
LaTeX Info: Redefining \celsius on input line 321.
Package gensymb Info: Faking symbols for \degree and \celsius on input line 321
.


Package gensymb Warning: Not defining \perthousand.

LaTeX Info: Redefining \ohm on input line 321.
Package gensymb Info: Using \Omega for \ohm on input line 321.

Package gensymb Warning: Not defining \micro.

<./figures/eve.jpg, id=1, 301.125pt x 527.9725pt>
File: ./figures/eve.jpg Graphic file (type jpg)
 <use ./figures/eve.jpg>
Package pdftex.def Info: ./figures/eve.jpg used on input line 384.
(pdftex.def)             Requested size: 252.94499pt x 443.51804pt.

Overfull \hbox (0.94499pt too wide) in paragraph at lines 384--385
 [][] 
 []

<./figures/mtDNA.png, id=2, 222.5916pt x 178.266pt>
File: ./figures/mtDNA.png Graphic file (type png)
 <use ./figures/mtDNA.png>
Package pdftex.def Info: ./figures/mtDNA.png used on input line 391.
(pdftex.def)             Requested size: 252.94499pt x 202.5861pt.

Overfull \hbox (0.94499pt too wide) in paragraph at lines 391--392
 [][] 
 []


<./figures/Human_migrations_and_mitochondrial_haplogroups.png, id=4, 803.0pt x 
412.54124pt>
File: ./figures/Human_migrations_and_mitochondrial_haplogroups.png Graphic file
 (type png)

<use ./figures/Human_migrations_and_mitochondrial_haplogroups.png>
Package pdftex.def Info: ./figures/Human_migrations_and_mitochondrial_haplogrou
ps.png used on input line 398.
(pdftex.def)             Requested size: 252.94499pt x 129.95117pt.

Overfull \hbox (0.94499pt too wide) in paragraph at lines 398--399
 [][] 
 []


Underfull \hbox (badness 10000) in paragraph at lines 418--419

 []


Underfull \vbox (badness 2027) has occurred while \output is active []

 [1{/usr/local/texlive/2015/texmf-var/fonts/map/pdftex/updmap/pdftex.map}


 <./figures/eve.jpg>]
Underfull \hbox (badness 1629) in paragraph at lines 443--444
[]\OT1/ptm/m/n/10 The Un-weighted Pair Group Method with Arith-metic
 []


Underfull \hbox (badness 1728) in paragraph at lines 443--444
\OT1/ptm/m/n/10 two clus-ters will be the dif-fer-ence in heights be-tween
 []


Underfull \hbox (badness 10000) in paragraph at lines 443--444

 []

[2 <./figures/mtDNA.png> <./figures/Human_migrations_and_mitochondrial_haplogro
ups.png>]
Underfull \hbox (badness 10000) in paragraph at lines 445--446

 []


Overfull \hbox (15.0pt too wide) in paragraph at lines 459--460
[] [] 
 []


Overfull \hbox (30.0pt too wide) in paragraph at lines 461--462
[] [] 
 []


Overfull \hbox (15.0pt too wide) in paragraph at lines 463--464
[] [] 
 []


Overfull \hbox (15.0pt too wide) in paragraph at lines 467--468
[] [] 
 []


Overfull \hbox (15.0pt too wide) in paragraph at lines 468--469
[] [] 
 []


Underfull \hbox (badness 10000) in paragraph at lines 447--475
[]\OT1/ptm/m/n/10 Algorithm 1[] shows the de-tails of the al-go-rithm
 []


Underfull \hbox (badness 10000) in paragraph at lines 447--475
\OT1/ptm/m/n/10 and it is called with pa-ram-e-ters $\OML/cmm/m/it/10 D$\OT1/pt
m/m/n/10 , the edit
 []


Underfull \hbox (badness 10000) in paragraph at lines 447--475
\OT1/ptm/m/n/10 dis-tance ma-trix and $\OML/cmm/m/it/10 n$ \OT1/ptm/m/n/10 the 
num-ber of el-e-ments.
 []


Underfull \hbox (badness 10000) in paragraph at lines 447--475

 []


Underfull \hbox (badness 10000) in paragraph at lines 447--475

 []

<./figures/DataSize.pdf, id=20, 210.7875pt x 196.735pt>
File: ./figures/DataSize.pdf Graphic file (type pdf)

<use ./figures/DataSize.pdf>
Package pdftex.def Info: ./figures/DataSize.pdf used on input line 478.
(pdftex.def)             Requested size: 180.67499pt x 168.63342pt.

<./figures/Newick.png, id=21, 379.1766pt x 205.2468pt>
File: ./figures/Newick.png Graphic file (type png)

<use ./figures/Newick.png>
Package pdftex.def Info: ./figures/Newick.png used on input line 501.
(pdftex.def)             Requested size: 252.94499pt x 136.91644pt.

Overfull \hbox (0.94499pt too wide) in paragraph at lines 501--502
 [][] 
 []

<./figures/AfricaTree.png, id=22, 509.905pt x 650.43pt>
File: ./figures/AfricaTree.png Graphic file (type png)

<use ./figures/AfricaTree.png>
Package pdftex.def Info: ./figures/AfricaTree.png used on input line 516.
(pdftex.def)             Requested size: 252.94499pt x 322.65361pt.

Overfull \hbox (0.94499pt too wide) in paragraph at lines 516--517
 [][] 
 []

[3 <./figures/DataSize.pdf> <./figures/Newick.png>]
<./figures/SouthAsianMiddleEastTree.png, id=53, 883.3pt x 652.4375pt>
File: ./figures/SouthAsianMiddleEastTree.png Graphic file (type png)

<use ./figures/SouthAsianMiddleEastTree.png>
Package pdftex.def Info: ./figures/SouthAsianMiddleEastTree.png used on input l
ine 528.
(pdftex.def)             Requested size: 252.94499pt x 186.83264pt.

Overfull \hbox (0.94499pt too wide) in paragraph at lines 528--529
 [][] 
 []

<./figures/CalPenn.png, id=54, 169.1118pt x 95.3964pt>
File: ./figures/CalPenn.png Graphic file (type png)

<use ./figures/CalPenn.png>
Package pdftex.def Info: ./figures/CalPenn.png used on input line 535.
(pdftex.def)             Requested size: 252.94499pt x 142.68806pt.

Overfull \hbox (0.94499pt too wide) in paragraph at lines 535--536
 [][] 
 []

<./figures/OngeWoman.png, id=55, 100.2144pt x 137.7948pt>
File: ./figures/OngeWoman.png Graphic file (type png)

<use ./figures/OngeWoman.png>
Package pdftex.def Info: ./figures/OngeWoman.png used on input line 542.
(pdftex.def)             Requested size: 144.54pt x 198.76285pt.

<./figures/Maliki.png, id=56, 204.765pt x 225.84375pt>
File: ./figures/Maliki.png Graphic file (type png)

<use ./figures/Maliki.png>
Package pdftex.def Info: ./figures/Maliki.png used on input line 549.
(pdftex.def)             Requested size: 144.54pt x 159.43007pt.
 [4 <./figures/AfricaTree.png> <./figures/SouthAsianMiddleEastTree.png> <./figu
res/CalPenn.png> <./figures/OngeWoman.png> <./figures/Maliki.png>] <./figures/A
sianTree.png, id=65, 607.26875pt x 686.565pt>
File: ./figures/AsianTree.png Graphic file (type png)

<use ./figures/AsianTree.png>
Package pdftex.def Info: ./figures/AsianTree.png used on input line 561.
(pdftex.def)             Requested size: 252.94499pt x 285.96678pt.

Overfull \hbox (0.94499pt too wide) in paragraph at lines 561--562
 [][] 
 []

<./figures/EuropeTree.png, id=66, 853.1875pt x 692.5875pt>
File: ./figures/EuropeTree.png Graphic file (type png)

<use ./figures/EuropeTree.png>
Package pdftex.def Info: ./figures/EuropeTree.png used on input line 574.
(pdftex.def)             Requested size: 252.94499pt x 205.32607pt.

Overfull \hbox (0.94499pt too wide) in paragraph at lines 574--575
 [][] 
 []

<./figures/IslandsTree.png, id=67, 763.85374pt x 523.9575pt>
File: ./figures/IslandsTree.png Graphic file (type png)

<use ./figures/IslandsTree.png>
Package pdftex.def Info: ./figures/IslandsTree.png used on input line 587.
(pdftex.def)             Requested size: 252.94499pt x 173.50612pt.

Overfull \hbox (0.94499pt too wide) in paragraph at lines 587--588
 [][] 
 []

<./figures/AmericasTree.png, id=68, 560.0925pt x 213.79875pt>
File: ./figures/AmericasTree.png Graphic file (type png)

<use ./figures/AmericasTree.png>
Package pdftex.def Info: ./figures/AmericasTree.png used on input line 599.
(pdftex.def)             Requested size: 252.94499pt x 96.55434pt.

Overfull \hbox (0.94499pt too wide) in paragraph at lines 599--600
 [][] 
 []

[5 <./figures/AsianTree.png> <./figures/EuropeTree.png> <./figures/IslandsTree.
png>] <./figures/AbridgedWorldTree.png, id=75, 552.0625pt x 733.74126pt>
File: ./figures/AbridgedWorldTree.png Graphic file (type png)

<use ./figures/AbridgedWorldTree.png>
Package pdftex.def Info: ./figures/AbridgedWorldTree.png used on input line 611
.
(pdftex.def)             Requested size: 252.94499pt x 336.19275pt.

Overfull \hbox (0.94499pt too wide) in paragraph at lines 611--612
 [][] 
 []


** Conference Paper **
Before submitting the final camera ready copy, remember to:

 1. Manually equalize the lengths of two columns on the last page
 of your paper;

 2. Ensure that any PostScript and/or PDF output post-processing
 uses only Type 1 fonts and that every step in the generation
 process uses the appropriate paper size.

[6 <./figures/AmericasTree.png> <./figures/AbridgedWorldTree.png>]
(./bare_conf.aux) ) 
Here is how much of TeX's memory you used:
 5133 strings out of 493089
 79682 string characters out of 6134842
 169562 words of memory out of 5000000
 8535 multiletter control sequences out of 15000+600000
 35704 words of font info for 66 fonts, out of 8000000 for 9000
 1144 hyphenation exceptions out of 8191
 51i,8n,27p,1695b,362s stack positions out of 5000i,500n,10000p,200000b,80000s
{/usr/local/texlive/2015/texmf-dist/fonts/enc/dvips/base/8r.
enc}</usr/local/texlive/2015/texmf-dist/fonts/type1/public/amsfonts/cm/cmex10.p
fb></usr/local/texlive/2015/texmf-dist/fonts/type1/public/amsfonts/cm/cmmi10.pf
b></usr/local/texlive/2015/texmf-dist/fonts/type1/public/amsfonts/cm/cmmi7.pfb>
</usr/local/texlive/2015/texmf-dist/fonts/type1/public/amsfonts/cm/cmr10.pfb></
usr/local/texlive/2015/texmf-dist/fonts/type1/public/amsfonts/cm/cmr5.pfb></usr
/local/texlive/2015/texmf-dist/fonts/type1/public/amsfonts/cm/cmr7.pfb></usr/lo
cal/texlive/2015/texmf-dist/fonts/type1/public/amsfonts/cm/cmsy10.pfb></usr/loc
al/texlive/2015/texmf-dist/fonts/type1/public/amsfonts/cm/cmsy5.pfb></usr/local
/texlive/2015/texmf-dist/fonts/type1/public/amsfonts/cm/cmsy7.pfb></usr/local/t
exlive/2015/texmf-dist/fonts/type1/urw/times/utmb8a.pfb></usr/local/texlive/201
5/texmf-dist/fonts/type1/urw/times/utmbi8a.pfb></usr/local/texlive/2015/texmf-d
ist/fonts/type1/urw/times/utmr8a.pfb></usr/local/texlive/2015/texmf-dist/fonts/
type1/urw/times/utmri8a.pfb>
Output written on bare_conf.pdf (6 pages, 1175672 bytes).
PDF statistics:
 123 PDF objects out of 1000 (max. 8388607)
 68 compressed objects within 1 object stream
 0 named destinations out of 1000 (max. 500000)
 76 words of extra memory for PDF output out of 10000 (max. 10000000)

